{"D:\\Web Dev\\100xdev\\Assignments\\week_3\\01-middlewares\\02-ratelimitter.js": {"path":"D:\\Web Dev\\100xdev\\Assignments\\week_3\\01-middlewares\\02-ratelimitter.js","all":false,"statementMap":{"0":{"start":{"line":1,"column":0},"end":{"line":1,"column":37}},"1":{"start":{"line":2,"column":0},"end":{"line":2,"column":33}},"2":{"start":{"line":3,"column":0},"end":{"line":3,"column":35}},"3":{"start":{"line":4,"column":0},"end":{"line":4,"column":22}},"4":{"start":{"line":5,"column":0},"end":{"line":5,"column":67}},"5":{"start":{"line":6,"column":0},"end":{"line":6,"column":66}},"6":{"start":{"line":7,"column":0},"end":{"line":7,"column":67}},"7":{"start":{"line":8,"column":0},"end":{"line":8,"column":70}},"8":{"start":{"line":9,"column":0},"end":{"line":9,"column":32}},"9":{"start":{"line":10,"column":0},"end":{"line":10,"column":67}},"10":{"start":{"line":11,"column":0},"end":{"line":11,"column":79}},"11":{"start":{"line":12,"column":0},"end":{"line":12,"column":26}},"12":{"start":{"line":13,"column":0},"end":{"line":13,"column":0}},"13":{"start":{"line":14,"column":0},"end":{"line":14,"column":37}},"14":{"start":{"line":15,"column":0},"end":{"line":15,"column":40}},"15":{"start":{"line":16,"column":0},"end":{"line":16,"column":77}},"16":{"start":{"line":17,"column":0},"end":{"line":17,"column":44}},"17":{"start":{"line":18,"column":0},"end":{"line":18,"column":46}},"18":{"start":{"line":19,"column":0},"end":{"line":19,"column":11}},"19":{"start":{"line":20,"column":0},"end":{"line":20,"column":10}},"20":{"start":{"line":21,"column":0},"end":{"line":21,"column":11}},"21":{"start":{"line":22,"column":0},"end":{"line":22,"column":3}},"22":{"start":{"line":23,"column":0},"end":{"line":23,"column":2}},"23":{"start":{"line":24,"column":0},"end":{"line":24,"column":1}},"24":{"start":{"line":25,"column":0},"end":{"line":25,"column":0}},"25":{"start":{"line":26,"column":0},"end":{"line":26,"column":22}},"26":{"start":{"line":27,"column":0},"end":{"line":27,"column":0}},"27":{"start":{"line":28,"column":0},"end":{"line":28,"column":33}},"28":{"start":{"line":29,"column":0},"end":{"line":29,"column":19}},"29":{"start":{"line":30,"column":0},"end":{"line":30,"column":33}},"30":{"start":{"line":31,"column":0},"end":{"line":31,"column":8}},"31":{"start":{"line":32,"column":0},"end":{"line":32,"column":0}},"32":{"start":{"line":33,"column":0},"end":{"line":33,"column":37}},"33":{"start":{"line":34,"column":0},"end":{"line":34,"column":41}},"34":{"start":{"line":35,"column":0},"end":{"line":35,"column":3}},"35":{"start":{"line":36,"column":0},"end":{"line":36,"column":0}},"36":{"start":{"line":37,"column":0},"end":{"line":37,"column":38}},"37":{"start":{"line":38,"column":0},"end":{"line":38,"column":54}},"38":{"start":{"line":39,"column":0},"end":{"line":39,"column":3}},"39":{"start":{"line":40,"column":0},"end":{"line":40,"column":0}},"40":{"start":{"line":41,"column":0},"end":{"line":41,"column":21}}},"s":{"0":1,"1":1,"2":1,"3":1,"4":1,"5":1,"6":1,"7":1,"8":1,"9":1,"10":1,"11":1,"12":1,"13":13,"14":13,"15":13,"16":13,"17":7,"18":7,"19":13,"20":6,"21":6,"22":13,"23":13,"24":1,"25":1,"26":1,"27":1,"28":1,"29":2,"30":1,"31":1,"32":1,"33":6,"34":1,"35":1,"36":1,"37":0,"38":1,"39":1,"40":1},"branchMap":{"0":{"type":"branch","line":14,"loc":{"start":{"line":14,"column":0},"end":{"line":24,"column":1}},"locations":[{"start":{"line":14,"column":0},"end":{"line":24,"column":1}}]},"1":{"type":"branch","line":16,"loc":{"start":{"line":16,"column":71},"end":{"line":16,"column":76}},"locations":[{"start":{"line":16,"column":71},"end":{"line":16,"column":76}}]},"2":{"type":"branch","line":17,"loc":{"start":{"line":17,"column":43},"end":{"line":20,"column":3}},"locations":[{"start":{"line":17,"column":43},"end":{"line":20,"column":3}}]},"3":{"type":"branch","line":20,"loc":{"start":{"line":20,"column":3},"end":{"line":22,"column":3}},"locations":[{"start":{"line":20,"column":3},"end":{"line":22,"column":3}}]},"4":{"type":"branch","line":29,"loc":{"start":{"line":29,"column":12},"end":{"line":31,"column":3}},"locations":[{"start":{"line":29,"column":12},"end":{"line":31,"column":3}}]},"5":{"type":"branch","line":33,"loc":{"start":{"line":33,"column":17},"end":{"line":35,"column":2}},"locations":[{"start":{"line":33,"column":17},"end":{"line":35,"column":2}}]}},"b":{"0":[13],"1":[2],"2":[7],"3":[6],"4":[2],"5":[6]},"fnMap":{"0":{"name":"rateLimitter","decl":{"start":{"line":14,"column":0},"end":{"line":24,"column":1}},"loc":{"start":{"line":14,"column":0},"end":{"line":24,"column":1}},"line":14}},"f":{"0":13}}
}
