TN:
SF:02-ratelimitter.js
FN:14,rateLimitter
FNF:1
FNH:1
FNDA:13,rateLimitter
DA:1,1
DA:2,1
DA:3,1
DA:4,1
DA:5,1
DA:6,1
DA:7,1
DA:8,1
DA:9,1
DA:10,1
DA:11,1
DA:12,1
DA:13,1
DA:14,13
DA:15,13
DA:16,13
DA:17,13
DA:18,7
DA:19,7
DA:20,13
DA:21,6
DA:22,6
DA:23,13
DA:24,13
DA:25,1
DA:26,1
DA:27,1
DA:28,1
DA:29,1
DA:30,2
DA:31,1
DA:32,1
DA:33,1
DA:34,6
DA:35,1
DA:36,1
DA:37,1
DA:38,0
DA:39,1
DA:40,1
DA:41,1
LF:41
LH:40
BRDA:14,0,0,13
BRDA:16,1,0,2
BRDA:17,2,0,7
BRDA:20,3,0,6
BRDA:29,4,0,2
BRDA:33,5,0,6
BRF:6
BRH:6
end_of_record
